# JRE version: OpenJDK Runtime Environment Temurin-17.0.12+7 (17.0.12+7) (build 17.0.12+7)
# Java VM: OpenJDK 64-Bit Server VM Temurin-17.0.12+7 (17.0.12+7, mixed mode, emulated-client, tiered, compressed oops, compressed class ptrs, g1 gc, windows-amd64)
GC Precious Log:
 CPUs: 16 total, 16 available
 Memory: 10085M
 Large Page Support: Disabled
 NUMA Support: Disabled
 Compressed Oops: Enabled (32-bit)
 Heap Region Size: 1M
 Heap Min Capacity: 8M
 Heap Initial Capacity: 158M
 Heap Max Capacity: 1G
 Pre-touch: Disabled
 Parallel Workers: 13
 Concurrent Workers: 3
 Concurrent Refinement Workers: 13
 Periodic GC: Disabled
Heap:
 garbage-first heap   total 89088K, used 25768K [0x00000000c0000000, 0x0000000100000000)
  region size 1024K, 1 young (1024K), 0 survivors (0K)
 Metaspace       used 43218K, committed 43776K, reserved 1114112K
  class space    used 5586K, committed 5824K, reserved 1048576K
GC Heap History (20 events):
Event: 21584.518 GC heap after
{Heap after GC invocations=613 (full 601):
 garbage-first heap   total 89088K, used 25768K [0x00000000c0000000, 0x0000000100000000)
  region size 1024K, 0 young (0K), 0 survivors (0K)
 Metaspace       used 43218K, committed 43776K, reserved 1114112K
  class space    used 5586K, committed 5824K, reserved 1048576K
}
Event: 21595.130 GC heap before
{Heap before GC invocations=613 (full 601):
 garbage-first heap   total 89088K, used 25768K [0x00000000c0000000, 0x0000000100000000)
  region size 1024K, 1 young (1024K), 0 survivors (0K)
 Metaspace       used 43218K, committed 43776K, reserved 1114112K
  class space    used 5586K, committed 5824K, reserved 1048576K
}
Event: 21595.162 GC heap after
{Heap after GC invocations=614 (full 602):
 garbage-first heap   total 89088K, used 25768K [0x00000000c0000000, 0x0000000100000000)
  region size 1024K, 0 young (0K), 0 survivors (0K)
 Metaspace       used 43218K, committed 43776K, reserved 1114112K
  class space    used 5586K, committed 5824K, reserved 1048576K
}
Event: 21605.846 GC heap before
{Heap before GC invocations=614 (full 602):
 garbage-first heap   total 89088K, used 25768K [0x00000000c0000000, 0x0000000100000000)
  region size 1024K, 1 young (1024K), 0 survivors (0K)
 Metaspace       used 43218K, committed 43776K, reserved 1114112K
  class space    used 5586K, committed 5824K, reserved 1048576K
}
Event: 21605.940 GC heap after
{Heap after GC invocations=615 (full 603):
 garbage-first heap   total 89088K, used 25768K [0x00000000c0000000, 0x0000000100000000)
  region size 1024K, 0 young (0K), 0 survivors (0K)
 Metaspace       used 43218K, committed 43776K, reserved 1114112K
  class space    used 5586K, committed 5824K, reserved 1048576K
}
Event: 21616.437 GC heap before
{Heap before GC invocations=615 (full 603):
 garbage-first heap   total 89088K, used 25768K [0x00000000c0000000, 0x0000000100000000)
  region size 1024K, 1 young (1024K), 0 survivors (0K)
 Metaspace       used 43218K, committed 43776K, reserved 1114112K
  class space    used 5586K, committed 5824K, reserved 1048576K
}
Event: 21616.469 GC heap after
{Heap after GC invocations=616 (full 604):
 garbage-first heap   total 89088K, used 25768K [0x00000000c0000000, 0x0000000100000000)
  region size 1024K, 0 young (0K), 0 survivors (0K)
 Metaspace       used 43218K, committed 43776K, reserved 1114112K
  class space    used 5586K, committed 5824K, reserved 1048576K
}
Event: 21626.975 GC heap before
{Heap before GC invocations=616 (full 604):
 garbage-first heap   total 89088K, used 25768K [0x00000000c0000000, 0x0000000100000000)
  region size 1024K, 1 young (1024K), 0 survivors (0K)
 Metaspace       used 43218K, committed 43776K, reserved 1114112K
  class space    used 5586K, committed 5824K, reserved 1048576K
}
Event: 21627.002 GC heap after
{Heap after GC invocations=617 (full 605):
 garbage-first heap   total 89088K, used 25768K [0x00000000c0000000, 0x0000000100000000)
  region size 1024K, 0 young (0K), 0 survivors (0K)
 Metaspace       used 43218K, committed 43776K, reserved 1114112K
  class space    used 5586K, committed 5824K, reserved 1048576K
}
Event: 21637.582 GC heap before
{Heap before GC invocations=617 (full 605):
 garbage-first heap   total 89088K, used 25768K [0x00000000c0000000, 0x0000000100000000)
  region size 1024K, 1 young (1024K), 0 survivors (0K)
 Metaspace       used 43218K, committed 43776K, reserved 1114112K
  class space    used 5586K, committed 5824K, reserved 1048576K
}
Event: 21637.611 GC heap after
{Heap after GC invocations=618 (full 606):
 garbage-first heap   total 89088K, used 25768K [0x00000000c0000000, 0x0000000100000000)
  region size 1024K, 0 young (0K), 0 survivors (0K)
 Metaspace       used 43218K, committed 43776K, reserved 1114112K
  class space    used 5586K, committed 5824K, reserved 1048576K
}
Event: 21648.247 GC heap before
{Heap before GC invocations=618 (full 606):
 garbage-first heap   total 89088K, used 25768K [0x00000000c0000000, 0x0000000100000000)
  region size 1024K, 1 young (1024K), 0 survivors (0K)
 Metaspace       used 43218K, committed 43776K, reserved 1114112K
  class space    used 5586K, committed 5824K, reserved 1048576K
}
Event: 21648.278 GC heap after
{Heap after GC invocations=619 (full 607):
 garbage-first heap   total 89088K, used 25768K [0x00000000c0000000, 0x0000000100000000)
  region size 1024K, 0 young (0K), 0 survivors (0K)
 Metaspace       used 43218K, committed 43776K, reserved 1114112K
  class space    used 5586K, committed 5824K, reserved 1048576K
}
Event: 21658.806 GC heap before
{Heap before GC invocations=619 (full 607):
 garbage-first heap   total 89088K, used 25768K [0x00000000c0000000, 0x0000000100000000)
  region size 1024K, 1 young (1024K), 0 survivors (0K)
 Metaspace       used 43218K, committed 43776K, reserved 1114112K
  class space    used 5586K, committed 5824K, reserved 1048576K
}
Event: 21658.838 GC heap after
{Heap after GC invocations=620 (full 608):
 garbage-first heap   total 89088K, used 25768K [0x00000000c0000000, 0x0000000100000000)
  region size 1024K, 0 young (0K), 0 survivors (0K)
 Metaspace       used 43218K, committed 43776K, reserved 1114112K
  class space    used 5586K, committed 5824K, reserved 1048576K
}
Event: 21669.464 GC heap before
{Heap before GC invocations=620 (full 608):
 garbage-first heap   total 89088K, used 25768K [0x00000000c0000000, 0x0000000100000000)
  region size 1024K, 1 young (1024K), 0 survivors (0K)
 Metaspace       used 43218K, committed 43776K, reserved 1114112K
  class space    used 5586K, committed 5824K, reserved 1048576K
}
Event: 21669.497 GC heap after
{Heap after GC invocations=621 (full 609):
 garbage-first heap   total 89088K, used 25768K [0x00000000c0000000, 0x0000000100000000)
  region size 1024K, 0 young (0K), 0 survivors (0K)
 Metaspace       used 43218K, committed 43776K, reserved 1114112K
  class space    used 5586K, committed 5824K, reserved 1048576K
}
Event: 21680.013 GC heap before
{Heap before GC invocations=621 (full 609):
 garbage-first heap   total 89088K, used 25768K [0x00000000c0000000, 0x0000000100000000)
  region size 1024K, 1 young (1024K), 0 survivors (0K)
 Metaspace       used 43218K, committed 43776K, reserved 1114112K
  class space    used 5586K, committed 5824K, reserved 1048576K
}
Event: 21680.039 GC heap after
{Heap after GC invocations=622 (full 610):
 garbage-first heap   total 89088K, used 25768K [0x00000000c0000000, 0x0000000100000000)
  region size 1024K, 0 young (0K), 0 survivors (0K)
 Metaspace       used 43218K, committed 43776K, reserved 1114112K
  class space    used 5586K, committed 5824K, reserved 1048576K
}
Event: 21690.614 GC heap before
{Heap before GC invocations=622 (full 610):
 garbage-first heap   total 89088K, used 25768K [0x00000000c0000000, 0x0000000100000000)
  region size 1024K, 1 young (1024K), 0 survivors (0K)
 Metaspace       used 43218K, committed 43776K, reserved 1114112K
  class space    used 5586K, committed 5824K, reserved 1048576K
}

